<?xml version="1.0" encoding="utf-8"?><testsuites name="pytest tests"><testsuite name="pytest" errors="0" failures="0" skipped="0" tests="7" time="1.106" timestamp="2026-03-08T01:06:41.746770+00:00" hostname="agent-env-17abac09-f75d-49ec-89ea-c02d360d4b01"><testcase classname="backend.tests.test_yard_control_estoque.TestYardControlEstoqueFilter" name="test_estoque_filter_returns_only_in_stock_true" time="0.568" /><testcase classname="backend.tests.test_yard_control_estoque.TestYardControlEstoqueFilter" name="test_estoque_filter_with_date_range" time="0.070" /><testcase classname="backend.tests.test_yard_control_estoque.TestYardControlEstoqueFilter" name="test_estoque_filter_no_date_range" time="0.065" /><testcase classname="backend.tests.test_yard_control_estoque.TestYardControlEstoqueFilter" name="test_estoque_excludes_exited_containers" time="0.146" /><testcase classname="backend.tests.test_yard_control_estoque.TestYardControlEstoqueFilter" name="test_todos_filter_returns_all_movements" time="0.070" /><testcase classname="backend.tests.test_yard_control_estoque.TestYardControlEstoqueFilter" name="test_entrada_filter" time="0.059" /><testcase classname="backend.tests.test_yard_control_estoque.TestYardControlEstoqueFilter" name="test_saida_filter" time="0.064" /></testsuite></testsuites>