<?xml version="1.0" encoding="utf-8"?><testsuites name="pytest tests"><testsuite name="pytest" errors="0" failures="0" skipped="0" tests="23" time="11.978" timestamp="2026-02-16T14:06:48.515061+00:00" hostname="agent-env-32b9b56d-1e6b-4df1-9caf-a29cb87dd83b"><testcase classname="tests.test_crud_updates.TestDriversCRUD" name="test_create_driver" time="0.789" /><testcase classname="tests.test_crud_updates.TestDriversCRUD" name="test_get_drivers" time="0.138" /><testcase classname="tests.test_crud_updates.TestDriversCRUD" name="test_update_driver" time="0.794" /><testcase classname="tests.test_crud_updates.TestDriversCRUD" name="test_update_nonexistent_driver" time="0.138" /><testcase classname="tests.test_crud_updates.TestDriversCRUD" name="test_delete_driver" time="0.496" /><testcase classname="tests.test_crud_updates.TestTransportCompaniesCRUD" name="test_create_transport_company" time="0.497" /><testcase classname="tests.test_crud_updates.TestTransportCompaniesCRUD" name="test_get_transport_companies" time="0.184" /><testcase classname="tests.test_crud_updates.TestTransportCompaniesCRUD" name="test_update_transport_company" time="0.509" /><testcase classname="tests.test_crud_updates.TestTransportCompaniesCRUD" name="test_update_nonexistent_company" time="0.179" /><testcase classname="tests.test_crud_updates.TestTransportCompaniesCRUD" name="test_delete_transport_company" time="0.378" /><testcase classname="tests.test_crud_updates.TestShippingLinesCRUD" name="test_create_shipping_line" time="0.575" /><testcase classname="tests.test_crud_updates.TestShippingLinesCRUD" name="test_get_shipping_lines" time="0.173" /><testcase classname="tests.test_crud_updates.TestShippingLinesCRUD" name="test_update_shipping_line" time="0.763" /><testcase classname="tests.test_crud_updates.TestShippingLinesCRUD" name="test_update_nonexistent_shipping_line" time="0.111" /><testcase classname="tests.test_crud_updates.TestShippingLinesCRUD" name="test_delete_shipping_line" time="1.390" /><testcase classname="tests.test_crud_updates.TestBillingReport" name="test_generate_billing_report" time="0.765" /><testcase classname="tests.test_crud_updates.TestBillingReport" name="test_billing_report_empty_list" time="0.111" /><testcase classname="tests.test_crud_updates.TestBillingReport" name="test_billing_report_invalid_ids" time="0.146" /><testcase classname="tests.test_crud_updates.TestBillingReport" name="test_billing_report_multiple_movements" time="1.103" /><testcase classname="tests.test_crud_updates.TestReportsDownload" name="test_download_pdf_report" time="0.720" /><testcase classname="tests.test_crud_updates.TestReportsDownload" name="test_download_excel_report" time="0.120" /><testcase classname="tests.test_crud_updates.TestReportsDownload" name="test_pdf_report_with_filters" time="0.238" /><testcase classname="tests.test_crud_updates.TestReportsDownload" name="test_excel_report_with_filters" time="1.572" /></testsuite></testsuites>