<?xml version="1.0" encoding="utf-8"?><testsuites name="pytest tests"><testsuite name="pytest" errors="0" failures="0" skipped="0" tests="8" time="2.334" timestamp="2026-03-01T17:08:37.351451+00:00" hostname="agent-env-18ff3034-de90-4071-b31b-a6f6dece37b8"><testcase classname="backend.tests.test_invoice_history.TestInvoiceHistoryEndpoint" name="test_get_invoice_history_returns_list" time="0.672" /><testcase classname="backend.tests.test_invoice_history.TestInvoiceHistoryEndpoint" name="test_get_invoice_history_structure" time="0.103" /><testcase classname="backend.tests.test_invoice_history.TestInvoiceHistoryEndpoint" name="test_get_invoice_history_empty_for_nonexistent" time="0.132" /><testcase classname="backend.tests.test_invoice_history.TestInvoiceHistoryEndpoint" name="test_get_invoice_history_requires_auth" time="0.105" /><testcase classname="backend.tests.test_invoice_history.TestInvoiceHistoryLogging" name="test_invoice_update_creates_history_entry" time="0.466" /><testcase classname="backend.tests.test_invoice_history.TestInvoiceMovementsTab" name="test_get_invoice_movements" time="0.220" /><testcase classname="backend.tests.test_invoice_history.TestInvoiceDownloads" name="test_invoice_pdf_download" time="0.323" /><testcase classname="backend.tests.test_invoice_history.TestInvoiceDownloads" name="test_invoice_excel_download" time="0.251" /></testsuite></testsuites>