<?xml version="1.0" encoding="utf-8"?><testsuites name="pytest tests"><testsuite name="pytest" errors="0" failures="0" skipped="0" tests="12" time="2.711" timestamp="2026-03-04T14:28:25.630740+00:00" hostname="agent-env-eeed8d0a-ee9e-4e47-a8b0-0ef741b8b84e"><testcase classname="backend.tests.test_photo_registries.TestPhotoRegistries" name="test_01_auth_login" time="0.827" /><testcase classname="backend.tests.test_photo_registries.TestPhotoRegistries" name="test_02_list_photo_registries" time="0.127" /><testcase classname="backend.tests.test_photo_registries.TestPhotoRegistries" name="test_03_create_photo_registry" time="0.119" /><testcase classname="backend.tests.test_photo_registries.TestPhotoRegistries" name="test_04_get_photo_registry" time="0.128" /><testcase classname="backend.tests.test_photo_registries.TestPhotoRegistries" name="test_05_get_photo_registry_not_found" time="0.100" /><testcase classname="backend.tests.test_photo_registries.TestPhotoRegistries" name="test_06_update_photo_registry" time="0.132" /><testcase classname="backend.tests.test_photo_registries.TestPhotoRegistries" name="test_07_verify_update_persisted" time="0.108" /><testcase classname="backend.tests.test_photo_registries.TestPhotoRegistries" name="test_08_search_photo_registries" time="0.119" /><testcase classname="backend.tests.test_photo_registries.TestPhotoRegistries" name="test_09_list_without_auth" time="0.105" /><testcase classname="backend.tests.test_photo_registries.TestPhotoRegistries" name="test_10_delete_photo_registry" time="0.282" /><testcase classname="backend.tests.test_photo_registries.TestPhotoRegistries" name="test_11_pagination" time="0.124" /><testcase classname="backend.tests.test_photo_registries.TestExistingPhotoRegistry" name="test_existing_registry_search" time="0.468" /></testsuite></testsuites>