<?xml version="1.0" encoding="utf-8"?><testsuites name="pytest tests"><testsuite name="pytest" errors="0" failures="0" skipped="0" tests="7" time="4.804" timestamp="2026-02-16T16:27:31.095803+00:00" hostname="agent-env-32b9b56d-1e6b-4df1-9caf-a29cb87dd83b"><testcase classname="backend.tests.test_password_recovery.TestForgotPasswordEndpoint" name="test_forgot_password_existing_email" time="1.009" /><testcase classname="backend.tests.test_password_recovery.TestForgotPasswordEndpoint" name="test_forgot_password_nonexistent_email" time="0.128" /><testcase classname="backend.tests.test_password_recovery.TestChangePasswordEndpoint" name="test_change_password_success" time="1.316" /><testcase classname="backend.tests.test_password_recovery.TestChangePasswordEndpoint" name="test_change_password_wrong_current" time="0.846" /><testcase classname="backend.tests.test_password_recovery.TestChangePasswordEndpoint" name="test_change_password_unauthorized" time="0.159" /><testcase classname="backend.tests.test_password_recovery.TestMustChangePasswordField" name="test_login_returns_must_change_password_field" time="0.711" /><testcase classname="backend.tests.test_password_recovery.TestAuthMeEndpoint" name="test_auth_me_returns_must_change_password" time="0.576" /></testsuite></testsuites>