<?xml version="1.0" encoding="utf-8"?><testsuites name="pytest tests"><testsuite name="pytest" errors="0" failures="0" skipped="0" tests="11" time="3.967" timestamp="2026-02-16T14:45:13.528430+00:00" hostname="agent-env-32b9b56d-1e6b-4df1-9caf-a29cb87dd83b"><testcase classname="backend.tests.test_billing_features.TestServiceValueField" name="test_create_movement_with_service_value" time="0.769" /><testcase classname="backend.tests.test_billing_features.TestServiceValueField" name="test_create_movement_without_service_value" time="0.160" /><testcase classname="backend.tests.test_billing_features.TestServiceValueField" name="test_update_movement_service_value" time="0.641" /><testcase classname="backend.tests.test_billing_features.TestBillingReport" name="test_generate_billing_marks_as_billed" time="0.882" /><testcase classname="backend.tests.test_billing_features.TestBillingReport" name="test_billing_report_single_movement" time="0.488" /><testcase classname="backend.tests.test_billing_features.TestBillingReport" name="test_billing_report_empty_list" time="0.186" /><testcase classname="backend.tests.test_billing_features.TestBillingReport" name="test_billing_report_invalid_ids" time="0.158" /><testcase classname="backend.tests.test_billing_features.TestMovementResponseFields" name="test_movement_response_has_billing_fields" time="0.183" /><testcase classname="backend.tests.test_billing_features.TestMovementResponseFields" name="test_movements_list_includes_billing_fields" time="0.113" /><testcase classname="backend.tests.test_billing_features.TestBillingAPIEndpoint" name="test_billing_endpoint_requires_auth" time="0.122" /><testcase classname="backend.tests.test_billing_features.TestBillingAPIEndpoint" name="test_billing_endpoint_requires_movement_ids" time="0.192" /></testsuite></testsuites>