<?xml version="1.0" encoding="utf-8"?><testsuites name="pytest tests"><testsuite name="pytest" errors="0" failures="0" skipped="0" tests="21" time="4.949" timestamp="2026-02-28T17:31:43.971019+00:00" hostname="agent-env-6b38116d-45e9-41a7-966b-1500cf91267a"><testcase classname="backend.tests.test_billing_reports.TestExistingReportsEndpoints" name="test_existing_pdf_report_returns_200" time="0.616" /><testcase classname="backend.tests.test_billing_reports.TestExistingReportsEndpoints" name="test_existing_excel_report_returns_200" time="0.225" /><testcase classname="backend.tests.test_billing_reports.TestExistingReportsEndpoints" name="test_existing_pdf_report_with_filters" time="0.225" /><testcase classname="backend.tests.test_billing_reports.TestExistingReportsEndpoints" name="test_existing_excel_report_with_filters" time="0.202" /><testcase classname="backend.tests.test_billing_reports.TestBillingPDFEndpoint" name="test_billing_pdf_returns_200" time="0.253" /><testcase classname="backend.tests.test_billing_reports.TestBillingPDFEndpoint" name="test_billing_pdf_with_billed_filter" time="0.208" /><testcase classname="backend.tests.test_billing_reports.TestBillingPDFEndpoint" name="test_billing_pdf_with_unbilled_filter" time="0.230" /><testcase classname="backend.tests.test_billing_reports.TestBillingPDFEndpoint" name="test_billing_pdf_with_operation_type_filter" time="0.233" /><testcase classname="backend.tests.test_billing_reports.TestBillingPDFEndpoint" name="test_billing_pdf_with_status_filter" time="0.212" /><testcase classname="backend.tests.test_billing_reports.TestBillingPDFEndpoint" name="test_billing_pdf_with_multiple_filters" time="0.213" /><testcase classname="backend.tests.test_billing_reports.TestBillingPDFEndpoint" name="test_billing_pdf_requires_auth" time="0.109" /><testcase classname="backend.tests.test_billing_reports.TestBillingExcelEndpoint" name="test_billing_excel_returns_200" time="0.236" /><testcase classname="backend.tests.test_billing_reports.TestBillingExcelEndpoint" name="test_billing_excel_with_billed_filter" time="0.233" /><testcase classname="backend.tests.test_billing_reports.TestBillingExcelEndpoint" name="test_billing_excel_with_unbilled_filter" time="0.270" /><testcase classname="backend.tests.test_billing_reports.TestBillingExcelEndpoint" name="test_billing_excel_with_operation_type_filter" time="0.199" /><testcase classname="backend.tests.test_billing_reports.TestBillingExcelEndpoint" name="test_billing_excel_with_multiple_filters" time="0.229" /><testcase classname="backend.tests.test_billing_reports.TestBillingExcelEndpoint" name="test_billing_excel_requires_auth" time="0.148" /><testcase classname="backend.tests.test_billing_reports.TestBillingReportContentDisposition" name="test_billing_pdf_has_correct_filename" time="0.206" /><testcase classname="backend.tests.test_billing_reports.TestBillingReportContentDisposition" name="test_billing_excel_has_correct_filename" time="0.242" /><testcase classname="backend.tests.test_billing_reports.TestBillingReportDateFilters" name="test_billing_pdf_with_date_range" time="0.193" /><testcase classname="backend.tests.test_billing_reports.TestBillingReportDateFilters" name="test_billing_excel_with_date_range" time="0.191" /></testsuite></testsuites>