<?xml version="1.0" encoding="utf-8"?><testsuites name="pytest tests"><testsuite name="pytest" errors="0" failures="0" skipped="0" tests="14" time="3.744" timestamp="2026-02-25T00:37:59.471833+00:00" hostname="agent-env-4c73afed-6570-44f8-a3c5-bef1a5149afb"><testcase classname="backend.tests.test_upload_api.TestUploadAPI" name="test_upload_jpg_file_success" time="0.529" /><testcase classname="backend.tests.test_upload_api.TestUploadAPI" name="test_upload_png_file_success" time="0.123" /><testcase classname="backend.tests.test_upload_api.TestUploadAPI" name="test_upload_invalid_file_type" time="0.145" /><testcase classname="backend.tests.test_upload_api.TestUploadAPI" name="test_upload_unauthorized" time="0.137" /><testcase classname="backend.tests.test_upload_api.TestUploadAPI" name="test_delete_file_success" time="0.113" /><testcase classname="backend.tests.test_upload_api.TestUploadAPI" name="test_delete_nonexistent_file" time="0.168" /><testcase classname="backend.tests.test_upload_api.TestUploadAPI" name="test_delete_unauthorized" time="0.120" /><testcase classname="backend.tests.test_upload_api.TestUploadAPI" name="test_uploaded_file_is_accessible" time="0.346" /><testcase classname="backend.tests.test_upload_api.TestMovementWithPhotos" name="test_create_movement_with_photos" time="0.844" /><testcase classname="backend.tests.test_upload_api.TestMovementWithPhotos" name="test_get_movement_with_photos" time="0.253" /><testcase classname="backend.tests.test_upload_api.TestMovementWithPhotos" name="test_update_movement_photos" time="0.320" /><testcase classname="backend.tests.test_upload_api.TestMovementWithPhotos" name="test_create_movement_without_photos" time="0.120" /><testcase classname="backend.tests.test_upload_api.TestMovementWithPhotos" name="test_list_movements_includes_photos" time="0.155" /><testcase classname="backend.tests.test_upload_api.TestMovementWithPhotos" name="test_cleanup_test_movements" time="0.294" /></testsuite></testsuites>