<?xml version="1.0" encoding="utf-8"?><testsuites name="pytest tests"><testsuite name="pytest" errors="0" failures="0" skipped="0" tests="16" time="3.603" timestamp="2026-03-07T22:58:31.427108+00:00" hostname="agent-env-1b87f567-fbf1-427d-aa07-5d8f4c43dd01"><testcase classname="backend.tests.test_intl_invoices.TestReceiverData" name="test_get_receiver_data" time="0.560" /><testcase classname="backend.tests.test_intl_invoices.TestListInvoices" name="test_list_invoices_without_auth" time="0.131" /><testcase classname="backend.tests.test_intl_invoices.TestListInvoices" name="test_list_invoices_success" time="0.122" /><testcase classname="backend.tests.test_intl_invoices.TestListInvoices" name="test_list_invoices_filter_by_status" time="0.274" /><testcase classname="backend.tests.test_intl_invoices.TestListInvoices" name="test_list_invoices_filter_by_currency" time="0.122" /><testcase classname="backend.tests.test_intl_invoices.TestCreateInvoice" name="test_create_invoice_success" time="0.270" /><testcase classname="backend.tests.test_intl_invoices.TestCreateInvoice" name="test_create_invoice_brl_currency" time="0.221" /><testcase classname="backend.tests.test_intl_invoices.TestGetSingleInvoice" name="test_get_invoice_success" time="0.115" /><testcase classname="backend.tests.test_intl_invoices.TestGetSingleInvoice" name="test_get_invoice_not_found" time="0.159" /><testcase classname="backend.tests.test_intl_invoices.TestUpdateInvoiceStatus" name="test_update_status_to_paga" time="0.202" /><testcase classname="backend.tests.test_intl_invoices.TestUpdateInvoiceStatus" name="test_update_status_to_cancelada" time="0.460" /><testcase classname="backend.tests.test_intl_invoices.TestUpdateInvoiceStatus" name="test_update_status_invalid" time="0.106" /><testcase classname="backend.tests.test_intl_invoices.TestDeleteInvoice" name="test_delete_invoice_success" time="0.335" /><testcase classname="backend.tests.test_intl_invoices.TestDeleteInvoice" name="test_delete_invoice_not_found" time="0.102" /><testcase classname="backend.tests.test_intl_invoices.TestDownloadPDF" name="test_download_pdf_success" time="0.119" /><testcase classname="backend.tests.test_intl_invoices.TestDownloadPDF" name="test_download_pdf_not_found" time="0.230" /></testsuite></testsuites>