<?xml version="1.0" encoding="utf-8"?><testsuites name="pytest tests"><testsuite name="pytest" errors="0" failures="0" skipped="0" tests="10" time="2.809" timestamp="2026-03-01T16:55:16.271627+00:00" hostname="agent-env-18ff3034-de90-4071-b31b-a6f6dece37b8"><testcase classname="tests.test_invoice_update.TestInvoicesList" name="test_get_invoices_list" time="0.484" /><testcase classname="tests.test_invoice_update.TestInvoicesList" name="test_get_invoices_count" time="0.105" /><testcase classname="tests.test_invoice_update.TestInvoiceUpdate" name="test_update_invoice_client_name" time="0.416" /><testcase classname="tests.test_invoice_update.TestInvoiceUpdate" name="test_update_invoice_notes" time="0.344" /><testcase classname="tests.test_invoice_update.TestInvoiceUpdate" name="test_update_invoice_not_found" time="0.112" /><testcase classname="tests.test_invoice_update.TestInvoiceMovements" name="test_get_invoice_movements" time="0.235" /><testcase classname="tests.test_invoice_update.TestInvoiceMovements" name="test_get_unbilled_movements" time="0.113" /><testcase classname="tests.test_invoice_update.TestInvoiceUpdateWithMovements" name="test_cannot_leave_invoice_without_movements" time="0.353" /><testcase classname="tests.test_invoice_update.TestInvoiceDocuments" name="test_download_invoice_pdf" time="0.361" /><testcase classname="tests.test_invoice_update.TestInvoiceDocuments" name="test_download_invoice_excel" time="0.231" /></testsuite></testsuites>