<?xml version="1.0" encoding="utf-8"?><testsuites name="pytest tests"><testsuite name="pytest" errors="0" failures="0" skipped="0" tests="6" time="2.188" timestamp="2026-02-12T13:57:03.644009+00:00" hostname="agent-env-1cc9028e-a48b-4c09-af07-4e17fba8a321"><testcase classname="backend.tests.test_movement_crud.TestAuth" name="test_login_success" time="0.382" /><testcase classname="backend.tests.test_movement_crud.TestMovementCRUD" name="test_create_and_get_movement" time="0.380" /><testcase classname="backend.tests.test_movement_crud.TestMovementCRUD" name="test_update_movement_preserves_transaction_id" time="0.403" /><testcase classname="backend.tests.test_movement_crud.TestMovementCRUD" name="test_get_movements_list" time="0.298" /><testcase classname="backend.tests.test_movement_crud.TestMovementCRUD" name="test_delete_movement" time="0.370" /><testcase classname="backend.tests.test_movement_crud.TestDashboard" name="test_get_dashboard_stats" time="0.291" /></testsuite></testsuites>