<?xml version="1.0" encoding="utf-8"?><testsuites name="pytest tests"><testsuite name="pytest" errors="0" failures="0" skipped="0" tests="16" time="2.206" timestamp="2026-02-25T13:27:24.587801+00:00" hostname="agent-env-989d222c-e36d-4b4a-9d09-c430cf8ed468"><testcase classname="backend.tests.test_invoices_api.TestInvoicesEndpoints" name="test_get_invoices_endpoint_exists" time="0.480" /><testcase classname="backend.tests.test_invoices_api.TestInvoicesEndpoints" name="test_get_invoices_count_endpoint" time="0.054" /><testcase classname="backend.tests.test_invoices_api.TestInvoicesEndpoints" name="test_get_unbilled_movements_endpoint" time="0.066" /><testcase classname="backend.tests.test_invoices_api.TestInvoicesEndpoints" name="test_get_unbilled_movements_with_search" time="0.061" /><testcase classname="backend.tests.test_invoices_api.TestInvoicesEndpoints" name="test_get_unbilled_movements_with_client_filter" time="0.125" /><testcase classname="backend.tests.test_invoices_api.TestInvoiceCreation" name="test_create_invoice_success" time="0.281" /><testcase classname="backend.tests.test_invoices_api.TestInvoiceCreation" name="test_create_invoice_no_movements_fails" time="0.080" /><testcase classname="backend.tests.test_invoices_api.TestInvoiceCreation" name="test_create_invoice_already_billed_fails" time="0.108" /><testcase classname="backend.tests.test_invoices_api.TestInvoiceRetrieval" name="test_get_invoice_by_id" time="0.052" /><testcase classname="backend.tests.test_invoices_api.TestInvoiceRetrieval" name="test_get_invoice_not_found" time="0.049" /><testcase classname="backend.tests.test_invoices_api.TestInvoiceRetrieval" name="test_get_invoice_movements" time="0.053" /><testcase classname="backend.tests.test_invoices_api.TestInvoiceRetrieval" name="test_get_invoices_with_pagination" time="0.054" /><testcase classname="backend.tests.test_invoices_api.TestInvoiceDeletion" name="test_delete_invoice_success" time="0.285" /><testcase classname="backend.tests.test_invoices_api.TestInvoiceDeletion" name="test_delete_invoice_not_found" time="0.067" /><testcase classname="backend.tests.test_invoices_api.TestInvoiceAuth" name="test_get_invoices_requires_auth" time="0.145" /><testcase classname="backend.tests.test_invoices_api.TestInvoiceAuth" name="test_create_invoice_requires_auth" time="0.172" /></testsuite></testsuites>