<?xml version="1.0" encoding="utf-8"?><testsuites name="pytest tests"><testsuite name="pytest" errors="0" failures="0" skipped="0" tests="12" time="6.052" timestamp="2026-03-08T15:33:35.382972+00:00" hostname="agent-env-17abac09-f75d-49ec-89ea-c02d360d4b01"><testcase classname="backend.tests.test_delivery_status.TestDeliveryStatusAPI" name="test_get_delivery_statuses_list" time="0.501" /><testcase classname="backend.tests.test_delivery_status.TestDeliveryStatusAPI" name="test_get_schedule_for_delivery_status" time="0.438" /><testcase classname="backend.tests.test_delivery_status.TestDeliveryStatusAPI" name="test_get_schedule_for_delivery_status_not_found" time="0.411" /><testcase classname="backend.tests.test_delivery_status.TestDeliveryStatusAPI" name="test_create_delivery_status" time="0.588" /><testcase classname="backend.tests.test_delivery_status.TestDeliveryStatusAPI" name="test_get_delivery_status_by_id" time="0.454" /><testcase classname="backend.tests.test_delivery_status.TestDeliveryStatusAPI" name="test_get_delivery_status_not_found" time="0.391" /><testcase classname="backend.tests.test_delivery_status.TestDeliveryStatusAPI" name="test_update_delivery_status" time="0.635" /><testcase classname="backend.tests.test_delivery_status.TestDeliveryStatusAPI" name="test_delete_delivery_status" time="0.566" /><testcase classname="backend.tests.test_delivery_status.TestDeliveryStatusAPI" name="test_delete_delivery_status_not_found" time="0.391" /><testcase classname="backend.tests.test_delivery_status.TestDeliveryStatusAPI" name="test_generate_delivery_status_pdf" time="0.600" /><testcase classname="backend.tests.test_delivery_status.TestDeliveryStatusAPI" name="test_generate_pdf_not_found" time="0.443" /><testcase classname="backend.tests.test_delivery_status.TestDeliveryStatusIntegration" name="test_delivery_status_inherits_schedule_data" time="0.559" /></testsuite></testsuites>