<?xml version="1.0" encoding="utf-8"?><testsuites name="pytest tests"><testsuite name="pytest" errors="0" failures="0" skipped="0" tests="11" time="2.040" timestamp="2026-02-18T12:36:44.629851+00:00" hostname="agent-env-3c38456b-bed7-41ee-a0e1-9a171b47f333"><testcase classname="backend.tests.test_clients_api.TestClientsAPI" name="test_create_client_with_all_fields" time="0.573" /><testcase classname="backend.tests.test_clients_api.TestClientsAPI" name="test_create_client_minimal" time="0.054" /><testcase classname="backend.tests.test_clients_api.TestClientsAPI" name="test_get_all_clients" time="0.060" /><testcase classname="backend.tests.test_clients_api.TestClientsAPI" name="test_update_client" time="0.186" /><testcase classname="backend.tests.test_clients_api.TestClientsAPI" name="test_update_nonexistent_client" time="0.076" /><testcase classname="backend.tests.test_clients_api.TestClientsAPI" name="test_delete_client" time="0.172" /><testcase classname="backend.tests.test_clients_api.TestClientsAPI" name="test_delete_nonexistent_client" time="0.239" /><testcase classname="backend.tests.test_clients_api.TestMovementsWithClientField" name="test_create_movement_with_client" time="0.070" /><testcase classname="backend.tests.test_clients_api.TestMovementsWithClientField" name="test_create_movement_without_client" time="0.071" /><testcase classname="backend.tests.test_clients_api.TestMovementsWithClientField" name="test_get_movement_with_client" time="0.134" /><testcase classname="backend.tests.test_clients_api.TestMovementsWithClientField" name="test_update_movement_client_field" time="0.334" /></testsuite></testsuites>