<?xml version="1.0" encoding="utf-8"?><testsuites name="pytest tests"><testsuite name="pytest" errors="0" failures="0" skipped="0" tests="9" time="5.024" timestamp="2026-02-12T15:13:45.458508+00:00" hostname="agent-env-1cc9028e-a48b-4c09-af07-4e17fba8a321"><testcase classname="backend.tests.test_movement_sync.TestMovementCRUD" name="test_api_health" time="0.127" /><testcase classname="backend.tests.test_movement_sync.TestMovementCRUD" name="test_login_user1" time="0.288" /><testcase classname="backend.tests.test_movement_sync.TestMovementCRUD" name="test_login_user2" time="0.261" /><testcase classname="backend.tests.test_movement_sync.TestMovementCRUD" name="test_create_movement_and_verify_persistence" time="0.314" /><testcase classname="backend.tests.test_movement_sync.TestMovementCRUD" name="test_delete_movement_and_verify_removal" time="0.090" /><testcase classname="backend.tests.test_movement_sync.TestMovementCRUD" name="test_double_delete_returns_404" time="0.097" /><testcase classname="backend.tests.test_movement_sync.TestMovementCRUD" name="test_sequential_transaction_id_after_deletes" time="0.151" /><testcase classname="backend.tests.test_movement_sync.TestMovementCRUD" name="test_list_consistency_after_refresh" time="1.933" /><testcase classname="backend.tests.test_movement_sync.TestCrossUserSync" name="test_cross_user_movement_visibility" time="1.694" /></testsuite></testsuites>