<?xml version="1.0" encoding="utf-8"?><testsuites name="pytest tests"><testsuite name="pytest" errors="0" failures="0" skipped="0" tests="21" time="5.157" timestamp="2026-02-28T17:07:37.035187+00:00" hostname="agent-env-6b38116d-45e9-41a7-966b-1500cf91267a"><testcase classname="backend.tests.test_billing_reports.TestExistingReportsEndpoints" name="test_existing_pdf_report_returns_200" time="0.682" /><testcase classname="backend.tests.test_billing_reports.TestExistingReportsEndpoints" name="test_existing_excel_report_returns_200" time="0.254" /><testcase classname="backend.tests.test_billing_reports.TestExistingReportsEndpoints" name="test_existing_pdf_report_with_filters" time="0.233" /><testcase classname="backend.tests.test_billing_reports.TestExistingReportsEndpoints" name="test_existing_excel_report_with_filters" time="0.228" /><testcase classname="backend.tests.test_billing_reports.TestBillingPDFEndpoint" name="test_billing_pdf_returns_200" time="0.211" /><testcase classname="backend.tests.test_billing_reports.TestBillingPDFEndpoint" name="test_billing_pdf_with_billed_filter" time="0.219" /><testcase classname="backend.tests.test_billing_reports.TestBillingPDFEndpoint" name="test_billing_pdf_with_unbilled_filter" time="0.219" /><testcase classname="backend.tests.test_billing_reports.TestBillingPDFEndpoint" name="test_billing_pdf_with_operation_type_filter" time="0.222" /><testcase classname="backend.tests.test_billing_reports.TestBillingPDFEndpoint" name="test_billing_pdf_with_status_filter" time="0.252" /><testcase classname="backend.tests.test_billing_reports.TestBillingPDFEndpoint" name="test_billing_pdf_with_multiple_filters" time="0.248" /><testcase classname="backend.tests.test_billing_reports.TestBillingPDFEndpoint" name="test_billing_pdf_requires_auth" time="0.112" /><testcase classname="backend.tests.test_billing_reports.TestBillingExcelEndpoint" name="test_billing_excel_returns_200" time="0.225" /><testcase classname="backend.tests.test_billing_reports.TestBillingExcelEndpoint" name="test_billing_excel_with_billed_filter" time="0.254" /><testcase classname="backend.tests.test_billing_reports.TestBillingExcelEndpoint" name="test_billing_excel_with_unbilled_filter" time="0.229" /><testcase classname="backend.tests.test_billing_reports.TestBillingExcelEndpoint" name="test_billing_excel_with_operation_type_filter" time="0.222" /><testcase classname="backend.tests.test_billing_reports.TestBillingExcelEndpoint" name="test_billing_excel_with_multiple_filters" time="0.217" /><testcase classname="backend.tests.test_billing_reports.TestBillingExcelEndpoint" name="test_billing_excel_requires_auth" time="0.116" /><testcase classname="backend.tests.test_billing_reports.TestBillingReportContentDisposition" name="test_billing_pdf_has_correct_filename" time="0.212" /><testcase classname="backend.tests.test_billing_reports.TestBillingReportContentDisposition" name="test_billing_excel_has_correct_filename" time="0.248" /><testcase classname="backend.tests.test_billing_reports.TestBillingReportDateFilters" name="test_billing_pdf_with_date_range" time="0.229" /><testcase classname="backend.tests.test_billing_reports.TestBillingReportDateFilters" name="test_billing_excel_with_date_range" time="0.236" /></testsuite></testsuites>