<?xml version="1.0" encoding="utf-8"?><testsuites name="pytest tests"><testsuite name="pytest" errors="0" failures="0" skipped="0" tests="8" time="2.562" timestamp="2026-03-05T14:44:27.459076+00:00" hostname="agent-env-6dbc7578-9ed1-4c67-bb8c-59e5689a0e2b"><testcase classname="backend.tests.test_flex_tank_edit.TestFlexTankEndpoints" name="test_get_flex_tank_movements_list" time="0.714" /><testcase classname="backend.tests.test_flex_tank_edit.TestFlexTankEndpoints" name="test_get_single_flex_tank_movement" time="0.117" /><testcase classname="backend.tests.test_flex_tank_edit.TestFlexTankEditEndpoint" name="test_update_flex_tank_movement_bag_number" time="0.240" /><testcase classname="backend.tests.test_flex_tank_edit.TestFlexTankEditEndpoint" name="test_update_flex_tank_movement_type" time="0.173" /><testcase classname="backend.tests.test_flex_tank_edit.TestFlexTankEditEndpoint" name="test_update_flex_tank_movement_observations" time="0.178" /><testcase classname="backend.tests.test_flex_tank_edit.TestFlexTankEditEndpoint" name="test_update_nonexistent_flex_tank_movement" time="0.087" /><testcase classname="backend.tests.test_flex_tank_edit.TestFlexTankEditEndpoint" name="test_update_flex_tank_without_auth" time="0.664" /><testcase classname="backend.tests.test_flex_tank_edit.TestFlexTankFullCRUD" name="test_create_read_update_delete_flow" time="0.325" /></testsuite></testsuites>